CRITICAL - 2024-02-22 14:14:20 --> CodeIgniter\View\Exceptions\ViewException: Invalid file: "content/header-register.php"
in SYSTEMPATH\Exceptions\FrameworkException.php on line 39.
 1 SYSTEMPATH\View\View.php(216): CodeIgniter\Exceptions\FrameworkException::forInvalidFile('content/header-register.php')
 2 SYSTEMPATH\View\View.php(469): CodeIgniter\View\View->render('content/header-register', null, true)
 3 APPPATH\Views\register.php(1): CodeIgniter\View\View->include('content/header-register')
 4 SYSTEMPATH\View\View.php(228): include('C:\\xampp\\htdocs\\sistem-kia\\app\\Views\\register.php')
 5 SYSTEMPATH\View\View.php(231): CodeIgniter\View\View->CodeIgniter\View\{closure}()
 6 SYSTEMPATH\Common.php(1178): CodeIgniter\View\View->render('register', [], true)
 7 APPPATH\Controllers\Home.php(14): view('register')
 8 SYSTEMPATH\CodeIgniter.php(941): App\Controllers\Home->register()
 9 SYSTEMPATH\CodeIgniter.php(502): CodeIgniter\CodeIgniter->runController(Object(App\Controllers\Home))
10 SYSTEMPATH\CodeIgniter.php(361): CodeIgniter\CodeIgniter->handleRequest(null, Object(Config\Cache), false)
11 FCPATH\index.php(79): CodeIgniter\CodeIgniter->run()
12 SYSTEMPATH\Commands\Server\rewrite.php(47): require_once('C:\\xampp\\htdocs\\sistem-kia\\public\\index.php')
CRITICAL - 2024-02-22 14:17:13 --> CodeIgniter\View\Exceptions\ViewException: Invalid file: "content/header-register.php"
in SYSTEMPATH\Exceptions\FrameworkException.php on line 39.
 1 SYSTEMPATH\View\View.php(216): CodeIgniter\Exceptions\FrameworkException::forInvalidFile('content/header-register.php')
 2 SYSTEMPATH\View\View.php(469): CodeIgniter\View\View->render('content/header-register', null, true)
 3 APPPATH\Views\register.php(1): CodeIgniter\View\View->include('content/header-register')
 4 SYSTEMPATH\View\View.php(228): include('C:\\xampp\\htdocs\\sistem-kia\\app\\Views\\register.php')
 5 SYSTEMPATH\View\View.php(231): CodeIgniter\View\View->CodeIgniter\View\{closure}()
 6 SYSTEMPATH\Common.php(1178): CodeIgniter\View\View->render('register', [], true)
 7 APPPATH\Controllers\Auth.php(9): view('register')
 8 SYSTEMPATH\CodeIgniter.php(941): App\Controllers\Auth->index()
 9 SYSTEMPATH\CodeIgniter.php(502): CodeIgniter\CodeIgniter->runController(Object(App\Controllers\Auth))
10 SYSTEMPATH\CodeIgniter.php(361): CodeIgniter\CodeIgniter->handleRequest(null, Object(Config\Cache), false)
11 FCPATH\index.php(79): CodeIgniter\CodeIgniter->run()
12 SYSTEMPATH\Commands\Server\rewrite.php(47): require_once('C:\\xampp\\htdocs\\sistem-kia\\public\\index.php')
CRITICAL - 2024-02-22 14:20:18 --> CodeIgniter\View\Exceptions\ViewException: Invalid file: "content/header-register.php"
in SYSTEMPATH\Exceptions\FrameworkException.php on line 39.
 1 SYSTEMPATH\View\View.php(216): CodeIgniter\Exceptions\FrameworkException::forInvalidFile('content/header-register.php')
 2 SYSTEMPATH\View\View.php(469): CodeIgniter\View\View->render('content/header-register', null, true)
 3 APPPATH\Views\register.php(1): CodeIgniter\View\View->include('content/header-register')
 4 SYSTEMPATH\View\View.php(228): include('C:\\xampp\\htdocs\\sistem-kia\\app\\Views\\register.php')
 5 SYSTEMPATH\View\View.php(231): CodeIgniter\View\View->CodeIgniter\View\{closure}()
 6 SYSTEMPATH\Common.php(1178): CodeIgniter\View\View->render('register', [], true)
 7 APPPATH\Controllers\Auth.php(9): view('register')
 8 SYSTEMPATH\CodeIgniter.php(941): App\Controllers\Auth->register()
 9 SYSTEMPATH\CodeIgniter.php(502): CodeIgniter\CodeIgniter->runController(Object(App\Controllers\Auth))
10 SYSTEMPATH\CodeIgniter.php(361): CodeIgniter\CodeIgniter->handleRequest(null, Object(Config\Cache), false)
11 FCPATH\index.php(79): CodeIgniter\CodeIgniter->run()
12 SYSTEMPATH\Commands\Server\rewrite.php(47): require_once('C:\\xampp\\htdocs\\sistem-kia\\public\\index.php')
CRITICAL - 2024-02-22 14:20:30 --> CodeIgniter\View\Exceptions\ViewException: Invalid file: "content/header-register.php"
in SYSTEMPATH\Exceptions\FrameworkException.php on line 39.
 1 SYSTEMPATH\View\View.php(216): CodeIgniter\Exceptions\FrameworkException::forInvalidFile('content/header-register.php')
 2 SYSTEMPATH\View\View.php(469): CodeIgniter\View\View->render('content/header-register', null, true)
 3 APPPATH\Views\register.php(1): CodeIgniter\View\View->include('content/header-register')
 4 SYSTEMPATH\View\View.php(228): include('C:\\xampp\\htdocs\\sistem-kia\\app\\Views\\register.php')
 5 SYSTEMPATH\View\View.php(231): CodeIgniter\View\View->CodeIgniter\View\{closure}()
 6 SYSTEMPATH\Common.php(1178): CodeIgniter\View\View->render('register', [], true)
 7 APPPATH\Controllers\Auth.php(9): view('register')
 8 SYSTEMPATH\CodeIgniter.php(941): App\Controllers\Auth->register()
 9 SYSTEMPATH\CodeIgniter.php(502): CodeIgniter\CodeIgniter->runController(Object(App\Controllers\Auth))
10 SYSTEMPATH\CodeIgniter.php(361): CodeIgniter\CodeIgniter->handleRequest(null, Object(Config\Cache), false)
11 FCPATH\index.php(79): CodeIgniter\CodeIgniter->run()
12 SYSTEMPATH\Commands\Server\rewrite.php(47): require_once('C:\\xampp\\htdocs\\sistem-kia\\public\\index.php')
CRITICAL - 2024-02-22 14:20:47 --> CodeIgniter\View\Exceptions\ViewException: Invalid file: "content/header-register.php"
in SYSTEMPATH\Exceptions\FrameworkException.php on line 39.
 1 SYSTEMPATH\View\View.php(216): CodeIgniter\Exceptions\FrameworkException::forInvalidFile('content/header-register.php')
 2 SYSTEMPATH\View\View.php(469): CodeIgniter\View\View->render('content/header-register', null, true)
 3 APPPATH\Views\register.php(1): CodeIgniter\View\View->include('content/header-register')
 4 SYSTEMPATH\View\View.php(228): include('C:\\xampp\\htdocs\\sistem-kia\\app\\Views\\register.php')
 5 SYSTEMPATH\View\View.php(231): CodeIgniter\View\View->CodeIgniter\View\{closure}()
 6 SYSTEMPATH\Common.php(1178): CodeIgniter\View\View->render('register', [], true)
 7 APPPATH\Controllers\Auth.php(9): view('register')
 8 SYSTEMPATH\CodeIgniter.php(941): App\Controllers\Auth->register()
 9 SYSTEMPATH\CodeIgniter.php(502): CodeIgniter\CodeIgniter->runController(Object(App\Controllers\Auth))
10 SYSTEMPATH\CodeIgniter.php(361): CodeIgniter\CodeIgniter->handleRequest(null, Object(Config\Cache), false)
11 FCPATH\index.php(79): CodeIgniter\CodeIgniter->run()
12 SYSTEMPATH\Commands\Server\rewrite.php(47): require_once('C:\\xampp\\htdocs\\sistem-kia\\public\\index.php')
CRITICAL - 2024-02-22 14:21:52 --> CodeIgniter\View\Exceptions\ViewException: Invalid file: "content/header-register.php"
in SYSTEMPATH\Exceptions\FrameworkException.php on line 39.
 1 SYSTEMPATH\View\View.php(216): CodeIgniter\Exceptions\FrameworkException::forInvalidFile('content/header-register.php')
 2 SYSTEMPATH\View\View.php(469): CodeIgniter\View\View->render('content/header-register', null, true)
 3 APPPATH\Views\register.php(1): CodeIgniter\View\View->include('content/header-register')
 4 SYSTEMPATH\View\View.php(228): include('C:\\xampp\\htdocs\\sistem-kia\\app\\Views\\register.php')
 5 SYSTEMPATH\View\View.php(231): CodeIgniter\View\View->CodeIgniter\View\{closure}()
 6 SYSTEMPATH\Common.php(1178): CodeIgniter\View\View->render('register', [], true)
 7 APPPATH\Controllers\Auth.php(9): view('register')
 8 SYSTEMPATH\CodeIgniter.php(941): App\Controllers\Auth->register()
 9 SYSTEMPATH\CodeIgniter.php(502): CodeIgniter\CodeIgniter->runController(Object(App\Controllers\Auth))
10 SYSTEMPATH\CodeIgniter.php(361): CodeIgniter\CodeIgniter->handleRequest(null, Object(Config\Cache), false)
11 FCPATH\index.php(79): CodeIgniter\CodeIgniter->run()
12 SYSTEMPATH\Commands\Server\rewrite.php(47): require_once('C:\\xampp\\htdocs\\sistem-kia\\public\\index.php')
CRITICAL - 2024-02-22 14:26:58 --> CodeIgniter\View\Exceptions\ViewException: Invalid file: "content/header-register.php"
in SYSTEMPATH\Exceptions\FrameworkException.php on line 39.
 1 SYSTEMPATH\View\View.php(216): CodeIgniter\Exceptions\FrameworkException::forInvalidFile('content/header-register.php')
 2 SYSTEMPATH\View\View.php(469): CodeIgniter\View\View->render('content/header-register', null, true)
 3 APPPATH\Views\register.php(1): CodeIgniter\View\View->include('content/header-register')
 4 SYSTEMPATH\View\View.php(228): include('C:\\xampp\\htdocs\\sistem-kia\\app\\Views\\register.php')
 5 SYSTEMPATH\View\View.php(231): CodeIgniter\View\View->CodeIgniter\View\{closure}()
 6 SYSTEMPATH\Common.php(1178): CodeIgniter\View\View->render('register', [], true)
 7 APPPATH\Controllers\Auth.php(9): view('register')
 8 SYSTEMPATH\CodeIgniter.php(941): App\Controllers\Auth->register()
 9 SYSTEMPATH\CodeIgniter.php(502): CodeIgniter\CodeIgniter->runController(Object(App\Controllers\Auth))
10 SYSTEMPATH\CodeIgniter.php(361): CodeIgniter\CodeIgniter->handleRequest(null, Object(Config\Cache), false)
11 FCPATH\index.php(79): CodeIgniter\CodeIgniter->run()
12 SYSTEMPATH\Commands\Server\rewrite.php(47): require_once('C:\\xampp\\htdocs\\sistem-kia\\public\\index.php')
CRITICAL - 2024-02-22 14:30:07 --> CodeIgniter\View\Exceptions\ViewException: Invalid file: "content/header-register.php"
in SYSTEMPATH\Exceptions\FrameworkException.php on line 39.
 1 SYSTEMPATH\View\View.php(216): CodeIgniter\Exceptions\FrameworkException::forInvalidFile('content/header-register.php')
 2 SYSTEMPATH\View\View.php(469): CodeIgniter\View\View->render('content/header-register', null, true)
 3 APPPATH\Views\register.php(1): CodeIgniter\View\View->include('content/header-register')
 4 SYSTEMPATH\View\View.php(228): include('C:\\xampp\\htdocs\\sistem-kia\\app\\Views\\register.php')
 5 SYSTEMPATH\View\View.php(231): CodeIgniter\View\View->CodeIgniter\View\{closure}()
 6 SYSTEMPATH\Common.php(1178): CodeIgniter\View\View->render('register', [], true)
 7 APPPATH\Controllers\Auth.php(9): view('register')
 8 SYSTEMPATH\CodeIgniter.php(941): App\Controllers\Auth->register()
 9 SYSTEMPATH\CodeIgniter.php(502): CodeIgniter\CodeIgniter->runController(Object(App\Controllers\Auth))
10 SYSTEMPATH\CodeIgniter.php(361): CodeIgniter\CodeIgniter->handleRequest(null, Object(Config\Cache), false)
11 FCPATH\index.php(79): CodeIgniter\CodeIgniter->run()
12 SYSTEMPATH\Commands\Server\rewrite.php(47): require_once('C:\\xampp\\htdocs\\sistem-kia\\public\\index.php')
CRITICAL - 2024-02-22 14:40:28 --> CodeIgniter\View\Exceptions\ViewException: Invalid file: "content/header-register.php"
in SYSTEMPATH\Exceptions\FrameworkException.php on line 39.
 1 SYSTEMPATH\View\View.php(216): CodeIgniter\Exceptions\FrameworkException::forInvalidFile('content/header-register.php')
 2 SYSTEMPATH\View\View.php(469): CodeIgniter\View\View->render('content/header-register', null, true)
 3 APPPATH\Views\register.php(1): CodeIgniter\View\View->include('content/header-register')
 4 SYSTEMPATH\View\View.php(228): include('C:\\xampp\\htdocs\\sistem-kia\\app\\Views\\register.php')
 5 SYSTEMPATH\View\View.php(231): CodeIgniter\View\View->CodeIgniter\View\{closure}()
 6 SYSTEMPATH\Common.php(1178): CodeIgniter\View\View->render('register', [], true)
 7 APPPATH\Controllers\Auth.php(9): view('register')
 8 SYSTEMPATH\CodeIgniter.php(941): App\Controllers\Auth->register()
 9 SYSTEMPATH\CodeIgniter.php(502): CodeIgniter\CodeIgniter->runController(Object(App\Controllers\Auth))
10 SYSTEMPATH\CodeIgniter.php(361): CodeIgniter\CodeIgniter->handleRequest(null, Object(Config\Cache), false)
11 FCPATH\index.php(79): CodeIgniter\CodeIgniter->run()
12 SYSTEMPATH\Commands\Server\rewrite.php(47): require_once('C:\\xampp\\htdocs\\sistem-kia\\public\\index.php')
CRITICAL - 2024-02-22 14:42:51 --> CodeIgniter\View\Exceptions\ViewException: Invalid file: "content/header-register.php"
in SYSTEMPATH\Exceptions\FrameworkException.php on line 39.
 1 SYSTEMPATH\View\View.php(216): CodeIgniter\Exceptions\FrameworkException::forInvalidFile('content/header-register.php')
 2 SYSTEMPATH\View\View.php(469): CodeIgniter\View\View->render('content/header-register', null, true)
 3 APPPATH\Views\register.php(1): CodeIgniter\View\View->include('content/header-register')
 4 SYSTEMPATH\View\View.php(228): include('C:\\xampp\\htdocs\\sistem-kia\\app\\Views\\register.php')
 5 SYSTEMPATH\View\View.php(231): CodeIgniter\View\View->CodeIgniter\View\{closure}()
 6 SYSTEMPATH\Common.php(1178): CodeIgniter\View\View->render('register', [], true)
 7 APPPATH\Controllers\Auth.php(9): view('register')
 8 SYSTEMPATH\CodeIgniter.php(941): App\Controllers\Auth->register()
 9 SYSTEMPATH\CodeIgniter.php(502): CodeIgniter\CodeIgniter->runController(Object(App\Controllers\Auth))
10 SYSTEMPATH\CodeIgniter.php(361): CodeIgniter\CodeIgniter->handleRequest(null, Object(Config\Cache), false)
11 FCPATH\index.php(79): CodeIgniter\CodeIgniter->run()
12 SYSTEMPATH\Commands\Server\rewrite.php(47): require_once('C:\\xampp\\htdocs\\sistem-kia\\public\\index.php')
CRITICAL - 2024-02-22 14:44:12 --> CodeIgniter\View\Exceptions\ViewException: Invalid file: "content/header-register.php"
in SYSTEMPATH\Exceptions\FrameworkException.php on line 39.
 1 SYSTEMPATH\View\View.php(216): CodeIgniter\Exceptions\FrameworkException::forInvalidFile('content/header-register.php')
 2 SYSTEMPATH\View\View.php(469): CodeIgniter\View\View->render('content/header-register', null, true)
 3 APPPATH\Views\register.php(1): CodeIgniter\View\View->include('content/header-register')
 4 SYSTEMPATH\View\View.php(228): include('C:\\xampp\\htdocs\\sistem-kia\\app\\Views\\register.php')
 5 SYSTEMPATH\View\View.php(231): CodeIgniter\View\View->CodeIgniter\View\{closure}()
 6 SYSTEMPATH\Common.php(1178): CodeIgniter\View\View->render('register', [], true)
 7 APPPATH\Controllers\Auth.php(9): view('register')
 8 SYSTEMPATH\CodeIgniter.php(941): App\Controllers\Auth->register()
 9 SYSTEMPATH\CodeIgniter.php(502): CodeIgniter\CodeIgniter->runController(Object(App\Controllers\Auth))
10 SYSTEMPATH\CodeIgniter.php(361): CodeIgniter\CodeIgniter->handleRequest(null, Object(Config\Cache), false)
11 FCPATH\index.php(79): CodeIgniter\CodeIgniter->run()
12 SYSTEMPATH\Commands\Server\rewrite.php(47): require_once('C:\\xampp\\htdocs\\sistem-kia\\public\\index.php')
CRITICAL - 2024-02-22 14:44:49 --> CodeIgniter\View\Exceptions\ViewException: Invalid file: "content/header-register.php"
in SYSTEMPATH\Exceptions\FrameworkException.php on line 39.
 1 SYSTEMPATH\View\View.php(216): CodeIgniter\Exceptions\FrameworkException::forInvalidFile('content/header-register.php')
 2 SYSTEMPATH\View\View.php(469): CodeIgniter\View\View->render('content/header-register', null, true)
 3 APPPATH\Views\register.php(1): CodeIgniter\View\View->include('content/header-register')
 4 SYSTEMPATH\View\View.php(228): include('C:\\xampp\\htdocs\\sistem-kia\\app\\Views\\register.php')
 5 SYSTEMPATH\View\View.php(231): CodeIgniter\View\View->CodeIgniter\View\{closure}()
 6 SYSTEMPATH\Common.php(1178): CodeIgniter\View\View->render('register', [], true)
 7 APPPATH\Controllers\Auth.php(9): view('register')
 8 SYSTEMPATH\CodeIgniter.php(941): App\Controllers\Auth->register()
 9 SYSTEMPATH\CodeIgniter.php(502): CodeIgniter\CodeIgniter->runController(Object(App\Controllers\Auth))
10 SYSTEMPATH\CodeIgniter.php(361): CodeIgniter\CodeIgniter->handleRequest(null, Object(Config\Cache), false)
11 FCPATH\index.php(79): CodeIgniter\CodeIgniter->run()
12 SYSTEMPATH\Commands\Server\rewrite.php(47): require_once('C:\\xampp\\htdocs\\sistem-kia\\public\\index.php')
CRITICAL - 2024-02-22 14:45:05 --> CodeIgniter\View\Exceptions\ViewException: Invalid file: "content/header-register.php"
in SYSTEMPATH\Exceptions\FrameworkException.php on line 39.
 1 SYSTEMPATH\View\View.php(216): CodeIgniter\Exceptions\FrameworkException::forInvalidFile('content/header-register.php')
 2 SYSTEMPATH\View\View.php(469): CodeIgniter\View\View->render('content/header-register', null, true)
 3 APPPATH\Views\register.php(1): CodeIgniter\View\View->include('content/header-register')
 4 SYSTEMPATH\View\View.php(228): include('C:\\xampp\\htdocs\\sistem-kia\\app\\Views\\register.php')
 5 SYSTEMPATH\View\View.php(231): CodeIgniter\View\View->CodeIgniter\View\{closure}()
 6 SYSTEMPATH\Common.php(1178): CodeIgniter\View\View->render('register', [], true)
 7 APPPATH\Controllers\Auth.php(9): view('register')
 8 SYSTEMPATH\CodeIgniter.php(941): App\Controllers\Auth->register()
 9 SYSTEMPATH\CodeIgniter.php(502): CodeIgniter\CodeIgniter->runController(Object(App\Controllers\Auth))
10 SYSTEMPATH\CodeIgniter.php(361): CodeIgniter\CodeIgniter->handleRequest(null, Object(Config\Cache), false)
11 FCPATH\index.php(79): CodeIgniter\CodeIgniter->run()
12 SYSTEMPATH\Commands\Server\rewrite.php(47): require_once('C:\\xampp\\htdocs\\sistem-kia\\public\\index.php')
CRITICAL - 2024-02-22 14:47:00 --> CodeIgniter\View\Exceptions\ViewException: Invalid file: "content/header-register.php"
in SYSTEMPATH\Exceptions\FrameworkException.php on line 39.
 1 SYSTEMPATH\View\View.php(216): CodeIgniter\Exceptions\FrameworkException::forInvalidFile('content/header-register.php')
 2 SYSTEMPATH\View\View.php(469): CodeIgniter\View\View->render('content/header-register', null, true)
 3 APPPATH\Views\register.php(1): CodeIgniter\View\View->include('content/header-register')
 4 SYSTEMPATH\View\View.php(228): include('C:\\xampp\\htdocs\\sistem-kia\\app\\Views\\register.php')
 5 SYSTEMPATH\View\View.php(231): CodeIgniter\View\View->CodeIgniter\View\{closure}()
 6 SYSTEMPATH\Common.php(1178): CodeIgniter\View\View->render('register', [], true)
 7 APPPATH\Controllers\Auth.php(9): view('register')
 8 SYSTEMPATH\CodeIgniter.php(941): App\Controllers\Auth->register()
 9 SYSTEMPATH\CodeIgniter.php(502): CodeIgniter\CodeIgniter->runController(Object(App\Controllers\Auth))
10 SYSTEMPATH\CodeIgniter.php(361): CodeIgniter\CodeIgniter->handleRequest(null, Object(Config\Cache), false)
11 FCPATH\index.php(79): CodeIgniter\CodeIgniter->run()
12 SYSTEMPATH\Commands\Server\rewrite.php(47): require_once('C:\\xampp\\htdocs\\sistem-kia\\public\\index.php')
